{"/home/patrick/Projects/shifts/client/src/App.tsx": {"path":"/home/patrick/Projects/shifts/client/src/App.tsx","statementMap":{"0":{"start":{"line":5,"column":2},"end":{"line":8,"column":null}}},"fnMap":{"0":{"name":"App","decl":{"start":{"line":4,"column":9},"end":{"line":4,"column":15}},"loc":{"start":{"line":4,"column":15},"end":{"line":10,"column":null}}}},"branchMap":{},"s":{"0":0},"f":{"0":0},"b":{}}
,"/home/patrick/Projects/shifts/client/src/main.tsx": {"path":"/home/patrick/Projects/shifts/client/src/main.tsx","statementMap":{"0":{"start":{"line":9,"column":0},"end":{"line":16,"column":null}}},"fnMap":{},"branchMap":{},"s":{"0":0},"f":{},"b":{}}
,"/home/patrick/Projects/shifts/client/src/components/BottomRow.tsx": {"path":"/home/patrick/Projects/shifts/client/src/components/BottomRow.tsx","statementMap":{"0":{"start":{"line":13,"column":18},"end":{"line":61,"column":null}},"1":{"start":{"line":14,"column":21},"end":{"line":37,"column":null}},"2":{"start":{"line":15,"column":4},"end":{"line":36,"column":null}},"3":{"start":{"line":38,"column":2},"end":{"line":59,"column":null}}},"fnMap":{"0":{"name":"(anonymous_0)","decl":{"start":{"line":13,"column":18},"end":{"line":13,"column":19}},"loc":{"start":{"line":13,"column":50},"end":{"line":61,"column":null}}},"1":{"name":"(anonymous_1)","decl":{"start":{"line":14,"column":40},"end":{"line":14,"column":41}},"loc":{"start":{"line":15,"column":4},"end":{"line":36,"column":null}}}},"branchMap":{},"s":{"0":0,"1":0,"2":0,"3":0},"f":{"0":0,"1":0},"b":{}}
,"/home/patrick/Projects/shifts/client/src/components/DateNavbar.tsx": {"path":"/home/patrick/Projects/shifts/client/src/components/DateNavbar.tsx","statementMap":{"0":{"start":{"line":13,"column":19},"end":{"line":27,"column":null}},"1":{"start":{"line":14,"column":2},"end":{"line":25,"column":null}},"2":{"start":{"line":17,"column":33},"end":{"line":17,"column":null}},"3":{"start":{"line":22,"column":33},"end":{"line":22,"column":null}}},"fnMap":{"0":{"name":"(anonymous_0)","decl":{"start":{"line":13,"column":19},"end":{"line":13,"column":20}},"loc":{"start":{"line":13,"column":52},"end":{"line":27,"column":null}}},"1":{"name":"(anonymous_1)","decl":{"start":{"line":17,"column":27},"end":{"line":17,"column":33}},"loc":{"start":{"line":17,"column":33},"end":{"line":17,"column":null}}},"2":{"name":"(anonymous_2)","decl":{"start":{"line":22,"column":27},"end":{"line":22,"column":33}},"loc":{"start":{"line":22,"column":33},"end":{"line":22,"column":null}}}},"branchMap":{},"s":{"0":0,"1":0,"2":0,"3":0},"f":{"0":0,"1":0,"2":0},"b":{}}
,"/home/patrick/Projects/shifts/client/src/components/DisplayEmployeeCells.tsx": {"path":"/home/patrick/Projects/shifts/client/src/components/DisplayEmployeeCells.tsx","statementMap":{"0":{"start":{"line":19,"column":25},"end":{"line":21,"column":null}},"1":{"start":{"line":20,"column":15},"end":{"line":20,"column":null}},"2":{"start":{"line":23,"column":2},"end":{"line":23,"column":null}},"3":{"start":{"line":26,"column":29},"end":{"line":48,"column":null}},"4":{"start":{"line":27,"column":17},"end":{"line":27,"column":null}},"5":{"start":{"line":29,"column":2},"end":{"line":47,"column":null}},"6":{"start":{"line":30,"column":4},"end":{"line":46,"column":null}},"7":{"start":{"line":31,"column":6},"end":{"line":45,"column":null}}},"fnMap":{"0":{"name":"sortedShiftsByEmployee","decl":{"start":{"line":18,"column":9},"end":{"line":18,"column":32}},"loc":{"start":{"line":18,"column":70},"end":{"line":24,"column":null}}},"1":{"name":"(anonymous_1)","decl":{"start":{"line":20,"column":4},"end":{"line":20,"column":5}},"loc":{"start":{"line":20,"column":15},"end":{"line":20,"column":null}}},"2":{"name":"(anonymous_2)","decl":{"start":{"line":26,"column":29},"end":{"line":26,"column":30}},"loc":{"start":{"line":26,"column":67},"end":{"line":48,"column":null}}},"3":{"name":"(anonymous_3)","decl":{"start":{"line":30,"column":25},"end":{"line":30,"column":26}},"loc":{"start":{"line":31,"column":6},"end":{"line":45,"column":null}}}},"branchMap":{"0":{"loc":{"start":{"line":29,"column":2},"end":{"line":47,"column":null}},"type":"if","locations":[{"start":{"line":29,"column":2},"end":{"line":47,"column":null}},{"start":{"line":29,"column":2},"end":{"line":47,"column":null}}]}},"s":{"0":0,"1":0,"2":0,"3":0,"4":0,"5":0,"6":0,"7":0},"f":{"0":0,"1":0,"2":0,"3":0},"b":{"0":[0,0]}}
,"/home/patrick/Projects/shifts/client/src/components/DisplayTimeCells.tsx": {"path":"/home/patrick/Projects/shifts/client/src/components/DisplayTimeCells.tsx","statementMap":{"0":{"start":{"line":16,"column":20},"end":{"line":16,"column":null}},"1":{"start":{"line":17,"column":2},"end":{"line":17,"column":null}},"2":{"start":{"line":18,"column":34},"end":{"line":18,"column":null}},"3":{"start":{"line":19,"column":24},"end":{"line":22,"column":null}},"4":{"start":{"line":20,"column":4},"end":{"line":21,"column":null}},"5":{"start":{"line":20,"column":45},"end":{"line":20,"column":null}},"6":{"start":{"line":21,"column":9},"end":{"line":21,"column":null}},"7":{"start":{"line":23,"column":2},"end":{"line":32,"column":null}},"8":{"start":{"line":24,"column":4},"end":{"line":31,"column":null}},"9":{"start":{"line":30,"column":6},"end":{"line":30,"column":null}},"10":{"start":{"line":33,"column":2},"end":{"line":33,"column":null}},"11":{"start":{"line":35,"column":25},"end":{"line":73,"column":null}},"12":{"start":{"line":37,"column":25},"end":{"line":37,"column":null}},"13":{"start":{"line":38,"column":2},"end":{"line":71,"column":null}},"14":{"start":{"line":38,"column":23},"end":{"line":38,"column":26}},"15":{"start":{"line":39,"column":22},"end":{"line":39,"column":null}},"16":{"start":{"line":40,"column":4},"end":{"line":40,"column":null}},"17":{"start":{"line":41,"column":23},"end":{"line":41,"column":null}},"18":{"start":{"line":42,"column":4},"end":{"line":70,"column":null}},"19":{"start":{"line":43,"column":6},"end":{"line":49,"column":null}},"20":{"start":{"line":51,"column":26},"end":{"line":53,"column":null}},"21":{"start":{"line":55,"column":23},"end":{"line":62,"column":null}},"22":{"start":{"line":63,"column":6},"end":{"line":69,"column":null}},"23":{"start":{"line":72,"column":2},"end":{"line":72,"column":null}}},"fnMap":{"0":{"name":"findTodayShift","decl":{"start":{"line":11,"column":9},"end":{"line":11,"column":null}},"loc":{"start":{"line":15,"column":17},"end":{"line":34,"column":null}}},"1":{"name":"(anonymous_1)","decl":{"start":{"line":19,"column":24},"end":{"line":19,"column":25}},"loc":{"start":{"line":19,"column":40},"end":{"line":22,"column":null}}},"2":{"name":"(anonymous_2)","decl":{"start":{"line":23,"column":13},"end":{"line":23,"column":14}},"loc":{"start":{"line":23,"column":24},"end":{"line":32,"column":3}}},"3":{"name":"(anonymous_3)","decl":{"start":{"line":35,"column":25},"end":{"line":35,"column":26}},"loc":{"start":{"line":35,"column":70},"end":{"line":73,"column":null}}}},"branchMap":{"0":{"loc":{"start":{"line":20,"column":4},"end":{"line":21,"column":null}},"type":"if","locations":[{"start":{"line":20,"column":4},"end":{"line":21,"column":null}},{"start":{"line":21,"column":9},"end":{"line":21,"column":null}}]},"1":{"loc":{"start":{"line":24,"column":4},"end":{"line":31,"column":null}},"type":"if","locations":[{"start":{"line":24,"column":4},"end":{"line":31,"column":null}},{"start":{"line":24,"column":4},"end":{"line":31,"column":null}}]},"2":{"loc":{"start":{"line":42,"column":4},"end":{"line":70,"column":null}},"type":"if","locations":[{"start":{"line":42,"column":4},"end":{"line":70,"column":null}},{"start":{"line":50,"column":11},"end":{"line":70,"column":null}}]}},"s":{"0":0,"1":0,"2":0,"3":0,"4":0,"5":0,"6":0,"7":0,"8":0,"9":0,"10":0,"11":0,"12":0,"13":0,"14":0,"15":0,"16":0,"17":0,"18":0,"19":0,"20":0,"21":0,"22":0,"23":0},"f":{"0":0,"1":0,"2":0,"3":0},"b":{"0":[0,0],"1":[0,0],"2":[0,0]}}
,"/home/patrick/Projects/shifts/client/src/components/DisplayTopRow.tsx": {"path":"/home/patrick/Projects/shifts/client/src/components/DisplayTopRow.tsx","statementMap":{"0":{"start":{"line":11,"column":22},"end":{"line":46,"column":null}},"1":{"start":{"line":12,"column":2},"end":{"line":12,"column":null}},"2":{"start":{"line":13,"column":2},"end":{"line":45,"column":null}},"3":{"start":{"line":14,"column":4},"end":{"line":44,"column":null}}},"fnMap":{"0":{"name":"(anonymous_0)","decl":{"start":{"line":11,"column":22},"end":{"line":11,"column":23}},"loc":{"start":{"line":11,"column":66},"end":{"line":46,"column":null}}},"1":{"name":"(anonymous_1)","decl":{"start":{"line":13,"column":22},"end":{"line":13,"column":23}},"loc":{"start":{"line":14,"column":4},"end":{"line":44,"column":null}}}},"branchMap":{"0":{"loc":{"start":{"line":15,"column":7},"end":{"line":32,"column":null}},"type":"cond-expr","locations":[{"start":{"line":16,"column":8},"end":{"line":23,"column":null}},{"start":{"line":25,"column":8},"end":{"line":32,"column":null}}]},"1":{"loc":{"start":{"line":34,"column":7},"end":{"line":42,"column":null}},"type":"cond-expr","locations":[{"start":{"line":34,"column":16},"end":{"line":34,"column":null}},{"start":{"line":35,"column":8},"end":{"line":42,"column":null}}]}},"s":{"0":0,"1":0,"2":0,"3":0},"f":{"0":0,"1":0},"b":{"0":[0,0],"1":[0,0]}}
,"/home/patrick/Projects/shifts/client/src/components/EmployeeCell.tsx": {"path":"/home/patrick/Projects/shifts/client/src/components/EmployeeCell.tsx","statementMap":{"0":{"start":{"line":11,"column":21},"end":{"line":36,"column":null}},"1":{"start":{"line":13,"column":2},"end":{"line":34,"column":null}}},"fnMap":{"0":{"name":"(anonymous_0)","decl":{"start":{"line":11,"column":21},"end":{"line":11,"column":22}},"loc":{"start":{"line":11,"column":49},"end":{"line":36,"column":null}}}},"branchMap":{},"s":{"0":0,"1":0},"f":{"0":0},"b":{}}
,"/home/patrick/Projects/shifts/client/src/components/ModalTimeCell.tsx": {"path":"/home/patrick/Projects/shifts/client/src/components/ModalTimeCell.tsx","statementMap":{"0":{"start":{"line":38,"column":26},"end":{"line":44,"column":null}},"1":{"start":{"line":39,"column":2},"end":{"line":43,"column":null}},"2":{"start":{"line":40,"column":4},"end":{"line":42,"column":null}},"3":{"start":{"line":46,"column":22},"end":{"line":191,"column":null}},"4":{"start":{"line":47,"column":66},"end":{"line":47,"column":null}},"5":{"start":{"line":49,"column":50},"end":{"line":49,"column":null}},"6":{"start":{"line":50,"column":46},"end":{"line":50,"column":null}},"7":{"start":{"line":51,"column":28},"end":{"line":51,"column":null}},"8":{"start":{"line":54,"column":17},"end":{"line":54,"column":null}},"9":{"start":{"line":55,"column":19},"end":{"line":55,"column":null}},"10":{"start":{"line":56,"column":25},"end":{"line":56,"column":null}},"11":{"start":{"line":58,"column":28},"end":{"line":60,"column":null}},"12":{"start":{"line":59,"column":4},"end":{"line":59,"column":null}},"13":{"start":{"line":62,"column":26},"end":{"line":64,"column":null}},"14":{"start":{"line":63,"column":4},"end":{"line":63,"column":null}},"15":{"start":{"line":66,"column":23},"end":{"line":104,"column":null}},"16":{"start":{"line":67,"column":4},"end":{"line":67,"column":null}},"17":{"start":{"line":69,"column":23},"end":{"line":69,"column":null}},"18":{"start":{"line":70,"column":21},"end":{"line":70,"column":null}},"19":{"start":{"line":72,"column":22},"end":{"line":72,"column":null}},"20":{"start":{"line":73,"column":24},"end":{"line":73,"column":null}},"21":{"start":{"line":75,"column":20},"end":{"line":75,"column":null}},"22":{"start":{"line":76,"column":22},"end":{"line":76,"column":null}},"23":{"start":{"line":78,"column":4},"end":{"line":103,"column":null}},"24":{"start":{"line":79,"column":6},"end":{"line":79,"column":null}},"25":{"start":{"line":80,"column":4},"end":{"line":103,"column":null}},"26":{"start":{"line":81,"column":6},"end":{"line":81,"column":null}},"27":{"start":{"line":82,"column":4},"end":{"line":103,"column":null}},"28":{"start":{"line":86,"column":6},"end":{"line":86,"column":null}},"29":{"start":{"line":88,"column":6},"end":{"line":88,"column":null}},"30":{"start":{"line":89,"column":6},"end":{"line":102,"column":null}},"31":{"start":{"line":90,"column":25},"end":{"line":97,"column":null}},"32":{"start":{"line":98,"column":8},"end":{"line":98,"column":null}},"33":{"start":{"line":99,"column":8},"end":{"line":99,"column":null}},"34":{"start":{"line":101,"column":8},"end":{"line":101,"column":null}},"35":{"start":{"line":105,"column":23},"end":{"line":140,"column":null}},"36":{"start":{"line":107,"column":21},"end":{"line":107,"column":null}},"37":{"start":{"line":108,"column":4},"end":{"line":139,"column":null}},"38":{"start":{"line":108,"column":24},"end":{"line":108,"column":null}},"39":{"start":{"line":111,"column":6},"end":{"line":138,"column":null}},"40":{"start":{"line":112,"column":8},"end":{"line":122,"column":null}},"41":{"start":{"line":124,"column":8},"end":{"line":134,"column":null}},"42":{"start":{"line":137,"column":8},"end":{"line":137,"column":null}},"43":{"start":{"line":138,"column":13},"end":{"line":138,"column":null}},"44":{"start":{"line":142,"column":2},"end":{"line":189,"column":null}},"45":{"start":{"line":145,"column":21},"end":{"line":145,"column":null}}},"fnMap":{"0":{"name":"(anonymous_0)","decl":{"start":{"line":38,"column":26},"end":{"line":38,"column":27}},"loc":{"start":{"line":38,"column":47},"end":{"line":44,"column":null}}},"1":{"name":"(anonymous_1)","decl":{"start":{"line":39,"column":19},"end":{"line":39,"column":20}},"loc":{"start":{"line":40,"column":4},"end":{"line":42,"column":null}}},"2":{"name":"(anonymous_2)","decl":{"start":{"line":46,"column":22},"end":{"line":46,"column":23}},"loc":{"start":{"line":46,"column":66},"end":{"line":191,"column":null}}},"3":{"name":"(anonymous_3)","decl":{"start":{"line":58,"column":28},"end":{"line":58,"column":29}},"loc":{"start":{"line":58,"column":58},"end":{"line":60,"column":null}}},"4":{"name":"(anonymous_4)","decl":{"start":{"line":62,"column":26},"end":{"line":62,"column":27}},"loc":{"start":{"line":62,"column":56},"end":{"line":64,"column":null}}},"5":{"name":"(anonymous_5)","decl":{"start":{"line":66,"column":23},"end":{"line":66,"column":24}},"loc":{"start":{"line":66,"column":41},"end":{"line":104,"column":null}}},"6":{"name":"(anonymous_6)","decl":{"start":{"line":105,"column":23},"end":{"line":105,"column":35}},"loc":{"start":{"line":105,"column":35},"end":{"line":140,"column":null}}},"7":{"name":"(anonymous_7)","decl":{"start":{"line":145,"column":15},"end":{"line":145,"column":21}},"loc":{"start":{"line":145,"column":21},"end":{"line":145,"column":null}}}},"branchMap":{"0":{"loc":{"start":{"line":78,"column":4},"end":{"line":103,"column":null}},"type":"if","locations":[{"start":{"line":78,"column":4},"end":{"line":103,"column":null}},{"start":{"line":80,"column":4},"end":{"line":103,"column":null}}]},"1":{"loc":{"start":{"line":78,"column":8},"end":{"line":78,"column":60}},"type":"binary-expr","locations":[{"start":{"line":78,"column":8},"end":{"line":78,"column":36}},{"start":{"line":78,"column":36},"end":{"line":78,"column":60}}]},"2":{"loc":{"start":{"line":80,"column":4},"end":{"line":103,"column":null}},"type":"if","locations":[{"start":{"line":80,"column":4},"end":{"line":103,"column":null}},{"start":{"line":82,"column":4},"end":{"line":103,"column":null}}]},"3":{"loc":{"start":{"line":82,"column":4},"end":{"line":103,"column":null}},"type":"if","locations":[{"start":{"line":82,"column":4},"end":{"line":103,"column":null}},{"start":{"line":87,"column":11},"end":{"line":103,"column":null}}]},"4":{"loc":{"start":{"line":83,"column":6},"end":{"line":84,"column":null}},"type":"binary-expr","locations":[{"start":{"line":83,"column":6},"end":{"line":83,"column":null}},{"start":{"line":84,"column":6},"end":{"line":84,"column":null}}]},"5":{"loc":{"start":{"line":89,"column":6},"end":{"line":102,"column":null}},"type":"if","locations":[{"start":{"line":89,"column":6},"end":{"line":102,"column":null}},{"start":{"line":100,"column":13},"end":{"line":102,"column":null}}]},"6":{"loc":{"start":{"line":89,"column":10},"end":{"line":89,"column":48}},"type":"binary-expr","locations":[{"start":{"line":89,"column":10},"end":{"line":89,"column":20}},{"start":{"line":89,"column":20},"end":{"line":89,"column":32}},{"start":{"line":89,"column":32},"end":{"line":89,"column":48}}]},"7":{"loc":{"start":{"line":108,"column":4},"end":{"line":139,"column":null}},"type":"if","locations":[{"start":{"line":108,"column":4},"end":{"line":139,"column":null}},{"start":{"line":109,"column":9},"end":{"line":139,"column":null}}]},"8":{"loc":{"start":{"line":111,"column":6},"end":{"line":138,"column":null}},"type":"if","locations":[{"start":{"line":111,"column":6},"end":{"line":138,"column":null}},{"start":{"line":138,"column":13},"end":{"line":138,"column":null}}]},"9":{"loc":{"start":{"line":111,"column":10},"end":{"line":111,"column":38}},"type":"binary-expr","locations":[{"start":{"line":111,"column":10},"end":{"line":111,"column":22}},{"start":{"line":111,"column":22},"end":{"line":111,"column":38}}]},"10":{"loc":{"start":{"line":174,"column":9},"end":{"line":174,"column":null}},"type":"cond-expr","locations":[{"start":{"line":174,"column":37},"end":{"line":174,"column":45}},{"start":{"line":174,"column":45},"end":{"line":174,"column":null}}]},"11":{"loc":{"start":{"line":179,"column":7},"end":{"line":188,"column":null}},"type":"cond-expr","locations":[{"start":{"line":180,"column":8},"end":{"line":187,"column":null}},{"start":{"line":188,"column":10},"end":{"line":188,"column":null}}]}},"s":{"0":0,"1":0,"2":0,"3":0,"4":0,"5":0,"6":0,"7":0,"8":0,"9":0,"10":0,"11":0,"12":0,"13":0,"14":0,"15":0,"16":0,"17":0,"18":0,"19":0,"20":0,"21":0,"22":0,"23":0,"24":0,"25":0,"26":0,"27":0,"28":0,"29":0,"30":0,"31":0,"32":0,"33":0,"34":0,"35":0,"36":0,"37":0,"38":0,"39":0,"40":0,"41":0,"42":0,"43":0,"44":0,"45":0},"f":{"0":0,"1":0,"2":0,"3":0,"4":0,"5":0,"6":0,"7":0},"b":{"0":[0,0],"1":[0,0],"2":[0,0],"3":[0,0],"4":[0,0],"5":[0,0],"6":[0,0,0],"7":[0,0],"8":[0,0],"9":[0,0],"10":[0,0],"11":[0,0]}}
,"/home/patrick/Projects/shifts/client/src/components/Schedule.tsx": {"path":"/home/patrick/Projects/shifts/client/src/components/Schedule.tsx","statementMap":{"0":{"start":{"line":30,"column":29},"end":{"line":30,"column":null}},"1":{"start":{"line":31,"column":31},"end":{"line":33,"column":null}},"2":{"start":{"line":35,"column":2},"end":{"line":35,"column":null}},"3":{"start":{"line":44,"column":17},"end":{"line":126,"column":null}},"4":{"start":{"line":46,"column":18},"end":{"line":46,"column":null}},"5":{"start":{"line":47,"column":16},"end":{"line":47,"column":null}},"6":{"start":{"line":50,"column":36},"end":{"line":50,"column":null}},"7":{"start":{"line":53,"column":24},"end":{"line":53,"column":null}},"8":{"start":{"line":54,"column":36},"end":{"line":54,"column":null}},"9":{"start":{"line":57,"column":29},"end":{"line":57,"column":null}},"10":{"start":{"line":58,"column":43},"end":{"line":61,"column":null}},"11":{"start":{"line":64,"column":2},"end":{"line":69,"column":null}},"12":{"start":{"line":65,"column":4},"end":{"line":68,"column":null}},"13":{"start":{"line":71,"column":2},"end":{"line":73,"column":null}},"14":{"start":{"line":72,"column":4},"end":{"line":72,"column":null}},"15":{"start":{"line":75,"column":2},"end":{"line":75,"column":null}},"16":{"start":{"line":77,"column":2},"end":{"line":124,"column":null}},"17":{"start":{"line":78,"column":4},"end":{"line":124,"column":null}},"18":{"start":{"line":86,"column":18},"end":{"line":86,"column":null}}},"fnMap":{"0":{"name":"(anonymous_0)","decl":{"start":{"line":44,"column":17},"end":{"line":44,"column":23}},"loc":{"start":{"line":44,"column":23},"end":{"line":126,"column":null}}},"1":{"name":"(anonymous_1)","decl":{"start":{"line":64,"column":12},"end":{"line":64,"column":18}},"loc":{"start":{"line":64,"column":18},"end":{"line":69,"column":5}}},"2":{"name":"(anonymous_2)","decl":{"start":{"line":71,"column":12},"end":{"line":71,"column":18}},"loc":{"start":{"line":71,"column":18},"end":{"line":73,"column":5}}},"3":{"name":"(anonymous_3)","decl":{"start":{"line":75,"column":12},"end":{"line":75,"column":18}},"loc":{"start":{"line":75,"column":18},"end":{"line":75,"column":22}}},"4":{"name":"(anonymous_4)","decl":{"start":{"line":85,"column":27},"end":{"line":85,"column":28}},"loc":{"start":{"line":86,"column":18},"end":{"line":86,"column":null}}}},"branchMap":{"0":{"loc":{"start":{"line":77,"column":2},"end":{"line":124,"column":null}},"type":"if","locations":[{"start":{"line":77,"column":2},"end":{"line":124,"column":null}},{"start":{"line":77,"column":2},"end":{"line":124,"column":null}}]},"1":{"loc":{"start":{"line":77,"column":6},"end":{"line":77,"column":null}},"type":"binary-expr","locations":[{"start":{"line":77,"column":6},"end":{"line":77,"column":19}},{"start":{"line":77,"column":19},"end":{"line":77,"column":29}},{"start":{"line":77,"column":29},"end":{"line":77,"column":null}}]}},"s":{"0":0,"1":0,"2":0,"3":0,"4":0,"5":0,"6":0,"7":0,"8":0,"9":0,"10":0,"11":0,"12":0,"13":0,"14":0,"15":0,"16":0,"17":0,"18":0},"f":{"0":0,"1":0,"2":0,"3":0,"4":0},"b":{"0":[0,0],"1":[0,0,0]}}
,"/home/patrick/Projects/shifts/client/src/components/TimeCell.tsx": {"path":"/home/patrick/Projects/shifts/client/src/components/TimeCell.tsx","statementMap":{"0":{"start":{"line":17,"column":17},"end":{"line":84,"column":null}},"1":{"start":{"line":18,"column":33},"end":{"line":18,"column":null}},"2":{"start":{"line":19,"column":20},"end":{"line":19,"column":null}},"3":{"start":{"line":22,"column":36},"end":{"line":22,"column":null}},"4":{"start":{"line":25,"column":2},"end":{"line":60,"column":null}},"5":{"start":{"line":26,"column":4},"end":{"line":35,"column":null}},"6":{"start":{"line":38,"column":4},"end":{"line":58,"column":null}},"7":{"start":{"line":61,"column":2},"end":{"line":82,"column":null}},"8":{"start":{"line":73,"column":43},"end":{"line":73,"column":null}},"9":{"start":{"line":80,"column":23},"end":{"line":80,"column":null}}},"fnMap":{"0":{"name":"(anonymous_0)","decl":{"start":{"line":17,"column":17},"end":{"line":17,"column":18}},"loc":{"start":{"line":17,"column":46},"end":{"line":84,"column":null}}},"1":{"name":"(anonymous_1)","decl":{"start":{"line":73,"column":37},"end":{"line":73,"column":43}},"loc":{"start":{"line":73,"column":43},"end":{"line":73,"column":null}}},"2":{"name":"(anonymous_2)","decl":{"start":{"line":80,"column":17},"end":{"line":80,"column":23}},"loc":{"start":{"line":80,"column":23},"end":{"line":80,"column":null}}}},"branchMap":{"0":{"loc":{"start":{"line":25,"column":2},"end":{"line":60,"column":null}},"type":"if","locations":[{"start":{"line":25,"column":2},"end":{"line":60,"column":null}},{"start":{"line":37,"column":9},"end":{"line":60,"column":null}}]}},"s":{"0":0,"1":0,"2":0,"3":0,"4":0,"5":0,"6":0,"7":0,"8":0,"9":0},"f":{"0":0,"1":0,"2":0},"b":{"0":[0,0]}}
,"/home/patrick/Projects/shifts/client/src/context/computedValuesReducer.tsx": {"path":"/home/patrick/Projects/shifts/client/src/context/computedValuesReducer.tsx","statementMap":{"0":{"start":{"line":4,"column":7},"end":{"line":4,"column":null}},"1":{"start":{"line":5,"column":2},"end":{"line":5,"column":null}},"2":{"start":{"line":6,"column":2},"end":{"line":6,"column":null}},"3":{"start":{"line":7,"column":2},"end":{"line":7,"column":null}},"4":{"start":{"line":4,"column":12},"end":{"line":4,"column":null}},"5":{"start":{"line":10,"column":22},"end":{"line":18,"column":null}},"6":{"start":{"line":19,"column":28},"end":{"line":30,"column":null}},"7":{"start":{"line":20,"column":25},"end":{"line":20,"column":null}},"8":{"start":{"line":21,"column":27},"end":{"line":21,"column":null}},"9":{"start":{"line":23,"column":23},"end":{"line":23,"column":null}},"10":{"start":{"line":24,"column":25},"end":{"line":24,"column":null}},"11":{"start":{"line":26,"column":21},"end":{"line":26,"column":null}},"12":{"start":{"line":27,"column":23},"end":{"line":27,"column":null}},"13":{"start":{"line":29,"column":2},"end":{"line":29,"column":null}},"14":{"start":{"line":32,"column":29},"end":{"line":58,"column":null}},"15":{"start":{"line":36,"column":23},"end":{"line":44,"column":null}},"16":{"start":{"line":46,"column":2},"end":{"line":56,"column":null}},"17":{"start":{"line":47,"column":24},"end":{"line":47,"column":null}},"18":{"start":{"line":48,"column":26},"end":{"line":48,"column":null}},"19":{"start":{"line":49,"column":25},"end":{"line":49,"column":null}},"20":{"start":{"line":51,"column":18},"end":{"line":51,"column":null}},"21":{"start":{"line":53,"column":4},"end":{"line":55,"column":null}},"22":{"start":{"line":57,"column":2},"end":{"line":57,"column":null}},"23":{"start":{"line":64,"column":2},"end":{"line":119,"column":null}},"24":{"start":{"line":66,"column":6},"end":{"line":72,"column":null}},"25":{"start":{"line":71,"column":8},"end":{"line":71,"column":null}},"26":{"start":{"line":74,"column":6},"end":{"line":74,"column":null}},"27":{"start":{"line":75,"column":6},"end":{"line":75,"column":null}},"28":{"start":{"line":78,"column":6},"end":{"line":90,"column":null}},"29":{"start":{"line":83,"column":8},"end":{"line":83,"column":null}},"30":{"start":{"line":84,"column":35},"end":{"line":84,"column":null}},"31":{"start":{"line":86,"column":31},"end":{"line":86,"column":null}},"32":{"start":{"line":87,"column":8},"end":{"line":87,"column":null}},"33":{"start":{"line":89,"column":8},"end":{"line":89,"column":null}},"34":{"start":{"line":92,"column":6},"end":{"line":92,"column":null}},"35":{"start":{"line":93,"column":6},"end":{"line":93,"column":null}},"36":{"start":{"line":96,"column":6},"end":{"line":112,"column":null}},"37":{"start":{"line":101,"column":45},"end":{"line":101,"column":null}},"38":{"start":{"line":102,"column":35},"end":{"line":106,"column":null}},"39":{"start":{"line":108,"column":31},"end":{"line":108,"column":null}},"40":{"start":{"line":109,"column":8},"end":{"line":109,"column":null}},"41":{"start":{"line":111,"column":8},"end":{"line":111,"column":null}},"42":{"start":{"line":113,"column":6},"end":{"line":113,"column":null}},"43":{"start":{"line":114,"column":6},"end":{"line":114,"column":null}},"44":{"start":{"line":118,"column":6},"end":{"line":118,"column":null}}},"fnMap":{"0":{"name":"(anonymous_0)","decl":{"start":{"line":4,"column":7},"end":{"line":4,"column":12}},"loc":{"start":{"line":4,"column":7},"end":{"line":4,"column":null}}},"1":{"name":"(anonymous_1)","decl":{"start":{"line":19,"column":28},"end":{"line":19,"column":29}},"loc":{"start":{"line":19,"column":68},"end":{"line":30,"column":null}}},"2":{"name":"(anonymous_2)","decl":{"start":{"line":32,"column":29},"end":{"line":32,"column":30}},"loc":{"start":{"line":32,"column":51},"end":{"line":58,"column":null}}},"3":{"name":"(anonymous_3)","decl":{"start":{"line":46,"column":17},"end":{"line":46,"column":18}},"loc":{"start":{"line":46,"column":28},"end":{"line":56,"column":3}}},"4":{"name":"computedValuesReducer","decl":{"start":{"line":60,"column":16},"end":{"line":60,"column":null}},"loc":{"start":{"line":63,"column":26},"end":{"line":120,"column":null}}}},"branchMap":{"0":{"loc":{"start":{"line":4,"column":12},"end":{"line":4,"column":null}},"type":"binary-expr","locations":[{"start":{"line":4,"column":12},"end":{"line":4,"column":null}},{"start":{"line":4,"column":12},"end":{"line":4,"column":null}}]},"1":{"loc":{"start":{"line":64,"column":2},"end":{"line":119,"column":null}},"type":"switch","locations":[{"start":{"line":65,"column":4},"end":{"line":76,"column":null}},{"start":{"line":77,"column":4},"end":{"line":94,"column":null}},{"start":{"line":95,"column":4},"end":{"line":115,"column":null}},{"start":{"line":117,"column":4},"end":{"line":118,"column":null}}]},"2":{"loc":{"start":{"line":66,"column":6},"end":{"line":72,"column":null}},"type":"if","locations":[{"start":{"line":66,"column":6},"end":{"line":72,"column":null}},{"start":{"line":66,"column":6},"end":{"line":72,"column":null}}]},"3":{"loc":{"start":{"line":67,"column":8},"end":{"line":69,"column":null}},"type":"binary-expr","locations":[{"start":{"line":67,"column":8},"end":{"line":67,"column":null}},{"start":{"line":68,"column":8},"end":{"line":68,"column":null}},{"start":{"line":69,"column":8},"end":{"line":69,"column":null}}]},"4":{"loc":{"start":{"line":78,"column":6},"end":{"line":90,"column":null}},"type":"if","locations":[{"start":{"line":78,"column":6},"end":{"line":90,"column":null}},{"start":{"line":78,"column":6},"end":{"line":90,"column":null}}]},"5":{"loc":{"start":{"line":79,"column":8},"end":{"line":81,"column":null}},"type":"binary-expr","locations":[{"start":{"line":79,"column":8},"end":{"line":79,"column":null}},{"start":{"line":80,"column":8},"end":{"line":80,"column":null}},{"start":{"line":81,"column":8},"end":{"line":81,"column":null}}]},"6":{"loc":{"start":{"line":96,"column":6},"end":{"line":112,"column":null}},"type":"if","locations":[{"start":{"line":96,"column":6},"end":{"line":112,"column":null}},{"start":{"line":96,"column":6},"end":{"line":112,"column":null}}]},"7":{"loc":{"start":{"line":97,"column":8},"end":{"line":99,"column":null}},"type":"binary-expr","locations":[{"start":{"line":97,"column":8},"end":{"line":97,"column":null}},{"start":{"line":98,"column":8},"end":{"line":98,"column":null}},{"start":{"line":99,"column":8},"end":{"line":99,"column":null}}]}},"s":{"0":0,"1":0,"2":0,"3":0,"4":0,"5":0,"6":0,"7":0,"8":0,"9":0,"10":0,"11":0,"12":0,"13":0,"14":0,"15":0,"16":0,"17":0,"18":0,"19":0,"20":0,"21":0,"22":0,"23":0,"24":0,"25":0,"26":0,"27":0,"28":0,"29":0,"30":0,"31":0,"32":0,"33":0,"34":0,"35":0,"36":0,"37":0,"38":0,"39":0,"40":0,"41":0,"42":0,"43":0,"44":0},"f":{"0":0,"1":0,"2":0,"3":0,"4":0},"b":{"0":[0,0],"1":[0,0,0,0],"2":[0,0],"3":[0,0,0],"4":[0,0],"5":[0,0,0],"6":[0,0],"7":[0,0,0]}}
,"/home/patrick/Projects/shifts/client/src/context/shiftsReducer.tsx": {"path":"/home/patrick/Projects/shifts/client/src/context/shiftsReducer.tsx","statementMap":{"0":{"start":{"line":2,"column":7},"end":{"line":2,"column":null}},"1":{"start":{"line":3,"column":2},"end":{"line":3,"column":null}},"2":{"start":{"line":4,"column":2},"end":{"line":4,"column":null}},"3":{"start":{"line":5,"column":2},"end":{"line":5,"column":null}},"4":{"start":{"line":6,"column":2},"end":{"line":6,"column":null}},"5":{"start":{"line":2,"column":12},"end":{"line":2,"column":null}},"6":{"start":{"line":13,"column":2},"end":{"line":73,"column":null}},"7":{"start":{"line":15,"column":6},"end":{"line":17,"column":null}},"8":{"start":{"line":16,"column":8},"end":{"line":16,"column":null}},"9":{"start":{"line":17,"column":11},"end":{"line":17,"column":null}},"10":{"start":{"line":19,"column":6},"end":{"line":19,"column":null}},"11":{"start":{"line":21,"column":6},"end":{"line":29,"column":null}},"12":{"start":{"line":28,"column":8},"end":{"line":28,"column":null}},"13":{"start":{"line":29,"column":13},"end":{"line":29,"column":null}},"14":{"start":{"line":30,"column":6},"end":{"line":30,"column":null}},"15":{"start":{"line":32,"column":34},"end":{"line":32,"column":null}},"16":{"start":{"line":33,"column":6},"end":{"line":45,"column":null}},"17":{"start":{"line":34,"column":8},"end":{"line":44,"column":null}},"18":{"start":{"line":35,"column":10},"end":{"line":43,"column":null}},"19":{"start":{"line":40,"column":12},"end":{"line":40,"column":null}},"20":{"start":{"line":42,"column":12},"end":{"line":42,"column":null}},"21":{"start":{"line":47,"column":6},"end":{"line":48,"column":null}},"22":{"start":{"line":47,"column":28},"end":{"line":47,"column":null}},"23":{"start":{"line":48,"column":11},"end":{"line":48,"column":null}},"24":{"start":{"line":49,"column":6},"end":{"line":49,"column":null}},"25":{"start":{"line":52,"column":34},"end":{"line":52,"column":null}},"26":{"start":{"line":53,"column":6},"end":{"line":67,"column":null}},"27":{"start":{"line":58,"column":8},"end":{"line":66,"column":null}},"28":{"start":{"line":59,"column":10},"end":{"line":65,"column":null}},"29":{"start":{"line":65,"column":12},"end":{"line":65,"column":null}},"30":{"start":{"line":68,"column":6},"end":{"line":68,"column":null}},"31":{"start":{"line":69,"column":6},"end":{"line":69,"column":null}},"32":{"start":{"line":72,"column":6},"end":{"line":72,"column":null}}},"fnMap":{"0":{"name":"(anonymous_0)","decl":{"start":{"line":2,"column":7},"end":{"line":2,"column":12}},"loc":{"start":{"line":2,"column":7},"end":{"line":2,"column":null}}},"1":{"name":"shiftsReducer","decl":{"start":{"line":9,"column":16},"end":{"line":9,"column":null}},"loc":{"start":{"line":12,"column":12},"end":{"line":74,"column":null}}},"2":{"name":"(anonymous_2)","decl":{"start":{"line":34,"column":19},"end":{"line":34,"column":20}},"loc":{"start":{"line":34,"column":30},"end":{"line":44,"column":9}}},"3":{"name":"(anonymous_3)","decl":{"start":{"line":58,"column":19},"end":{"line":58,"column":20}},"loc":{"start":{"line":58,"column":30},"end":{"line":66,"column":9}}}},"branchMap":{"0":{"loc":{"start":{"line":2,"column":12},"end":{"line":2,"column":null}},"type":"binary-expr","locations":[{"start":{"line":2,"column":12},"end":{"line":2,"column":null}},{"start":{"line":2,"column":12},"end":{"line":2,"column":null}}]},"1":{"loc":{"start":{"line":13,"column":2},"end":{"line":73,"column":null}},"type":"switch","locations":[{"start":{"line":14,"column":4},"end":{"line":19,"column":null}},{"start":{"line":20,"column":4},"end":{"line":30,"column":null}},{"start":{"line":31,"column":4},"end":{"line":50,"column":null}},{"start":{"line":51,"column":4},"end":{"line":70,"column":null}},{"start":{"line":71,"column":4},"end":{"line":72,"column":null}}]},"2":{"loc":{"start":{"line":15,"column":6},"end":{"line":17,"column":null}},"type":"if","locations":[{"start":{"line":15,"column":6},"end":{"line":17,"column":null}},{"start":{"line":17,"column":11},"end":{"line":17,"column":null}}]},"3":{"loc":{"start":{"line":15,"column":10},"end":{"line":15,"column":null}},"type":"binary-expr","locations":[{"start":{"line":15,"column":10},"end":{"line":15,"column":28}},{"start":{"line":15,"column":28},"end":{"line":15,"column":null}}]},"4":{"loc":{"start":{"line":21,"column":6},"end":{"line":29,"column":null}},"type":"if","locations":[{"start":{"line":21,"column":6},"end":{"line":29,"column":null}},{"start":{"line":29,"column":13},"end":{"line":29,"column":null}}]},"5":{"loc":{"start":{"line":22,"column":8},"end":{"line":24,"column":null}},"type":"binary-expr","locations":[{"start":{"line":22,"column":8},"end":{"line":22,"column":null}},{"start":{"line":23,"column":8},"end":{"line":23,"column":null}},{"start":{"line":24,"column":8},"end":{"line":24,"column":null}}]},"6":{"loc":{"start":{"line":33,"column":6},"end":{"line":45,"column":null}},"type":"if","locations":[{"start":{"line":33,"column":6},"end":{"line":45,"column":null}},{"start":{"line":33,"column":6},"end":{"line":45,"column":null}}]},"7":{"loc":{"start":{"line":33,"column":10},"end":{"line":33,"column":61}},"type":"binary-expr","locations":[{"start":{"line":33,"column":10},"end":{"line":33,"column":29}},{"start":{"line":33,"column":29},"end":{"line":33,"column":61}}]},"8":{"loc":{"start":{"line":35,"column":10},"end":{"line":43,"column":null}},"type":"if","locations":[{"start":{"line":35,"column":10},"end":{"line":43,"column":null}},{"start":{"line":41,"column":17},"end":{"line":43,"column":null}}]},"9":{"loc":{"start":{"line":36,"column":12},"end":{"line":38,"column":null}},"type":"binary-expr","locations":[{"start":{"line":36,"column":12},"end":{"line":36,"column":null}},{"start":{"line":37,"column":12},"end":{"line":37,"column":null}},{"start":{"line":38,"column":12},"end":{"line":38,"column":null}}]},"10":{"loc":{"start":{"line":47,"column":6},"end":{"line":48,"column":null}},"type":"if","locations":[{"start":{"line":47,"column":6},"end":{"line":48,"column":null}},{"start":{"line":48,"column":11},"end":{"line":48,"column":null}}]},"11":{"loc":{"start":{"line":53,"column":6},"end":{"line":67,"column":null}},"type":"if","locations":[{"start":{"line":53,"column":6},"end":{"line":67,"column":null}},{"start":{"line":53,"column":6},"end":{"line":67,"column":null}}]},"12":{"loc":{"start":{"line":54,"column":8},"end":{"line":56,"column":null}},"type":"binary-expr","locations":[{"start":{"line":54,"column":8},"end":{"line":54,"column":null}},{"start":{"line":55,"column":8},"end":{"line":55,"column":null}},{"start":{"line":56,"column":8},"end":{"line":56,"column":null}}]},"13":{"loc":{"start":{"line":59,"column":10},"end":{"line":65,"column":null}},"type":"if","locations":[{"start":{"line":59,"column":10},"end":{"line":65,"column":null}},{"start":{"line":59,"column":10},"end":{"line":65,"column":null}}]},"14":{"loc":{"start":{"line":60,"column":12},"end":{"line":63,"column":null}},"type":"binary-expr","locations":[{"start":{"line":60,"column":12},"end":{"line":60,"column":null}},{"start":{"line":61,"column":12},"end":{"line":61,"column":null}},{"start":{"line":62,"column":12},"end":{"line":62,"column":null}},{"start":{"line":63,"column":12},"end":{"line":63,"column":null}}]}},"s":{"0":0,"1":0,"2":0,"3":0,"4":0,"5":0,"6":0,"7":0,"8":0,"9":0,"10":0,"11":0,"12":0,"13":0,"14":0,"15":0,"16":0,"17":0,"18":0,"19":0,"20":0,"21":0,"22":0,"23":0,"24":0,"25":0,"26":0,"27":0,"28":0,"29":0,"30":0,"31":0,"32":0},"f":{"0":0,"1":0,"2":0,"3":0},"b":{"0":[0,0],"1":[0,0,0,0,0],"2":[0,0],"3":[0,0],"4":[0,0],"5":[0,0,0],"6":[0,0],"7":[0,0],"8":[0,0],"9":[0,0,0],"10":[0,0],"11":[0,0],"12":[0,0,0],"13":[0,0],"14":[0,0,0,0]}}
,"/home/patrick/Projects/shifts/client/src/hooks/useFetchEmployees.tsx": {"path":"/home/patrick/Projects/shifts/client/src/hooks/useFetchEmployees.tsx","statementMap":{"0":{"start":{"line":3,"column":26},"end":{"line":31,"column":null}},"1":{"start":{"line":4,"column":36},"end":{"line":4,"column":null}},"2":{"start":{"line":5,"column":28},"end":{"line":5,"column":null}},"3":{"start":{"line":7,"column":2},"end":{"line":28,"column":null}},"4":{"start":{"line":8,"column":27},"end":{"line":20,"column":null}},"5":{"start":{"line":9,"column":23},"end":{"line":11,"column":null}},"6":{"start":{"line":13,"column":19},"end":{"line":13,"column":null}},"7":{"start":{"line":14,"column":51},"end":{"line":18,"column":null}},"8":{"start":{"line":16,"column":10},"end":{"line":16,"column":null}},"9":{"start":{"line":19,"column":6},"end":{"line":19,"column":null}},"10":{"start":{"line":22,"column":4},"end":{"line":27,"column":null}},"11":{"start":{"line":23,"column":6},"end":{"line":23,"column":null}},"12":{"start":{"line":25,"column":6},"end":{"line":25,"column":null}},"13":{"start":{"line":26,"column":6},"end":{"line":26,"column":null}},"14":{"start":{"line":30,"column":2},"end":{"line":30,"column":null}}},"fnMap":{"0":{"name":"(anonymous_0)","decl":{"start":{"line":3,"column":26},"end":{"line":3,"column":32}},"loc":{"start":{"line":3,"column":32},"end":{"line":31,"column":null}}},"1":{"name":"(anonymous_1)","decl":{"start":{"line":7,"column":12},"end":{"line":7,"column":18}},"loc":{"start":{"line":7,"column":18},"end":{"line":28,"column":5}}},"2":{"name":"(anonymous_2)","decl":{"start":{"line":8,"column":27},"end":{"line":8,"column":39}},"loc":{"start":{"line":8,"column":39},"end":{"line":20,"column":null}}},"3":{"name":"(anonymous_3)","decl":{"start":{"line":15,"column":8},"end":{"line":15,"column":9}},"loc":{"start":{"line":15,"column":41},"end":{"line":17,"column":null}}}},"branchMap":{},"s":{"0":0,"1":0,"2":0,"3":0,"4":0,"5":0,"6":0,"7":0,"8":0,"9":0,"10":0,"11":0,"12":0,"13":0,"14":0},"f":{"0":0,"1":0,"2":0,"3":0},"b":{}}
,"/home/patrick/Projects/shifts/client/src/hooks/useFetchShifts.tsx": {"path":"/home/patrick/Projects/shifts/client/src/hooks/useFetchShifts.tsx","statementMap":{"0":{"start":{"line":3,"column":23},"end":{"line":40,"column":null}},"1":{"start":{"line":4,"column":30},"end":{"line":4,"column":null}},"2":{"start":{"line":5,"column":28},"end":{"line":5,"column":null}},"3":{"start":{"line":7,"column":2},"end":{"line":38,"column":null}},"4":{"start":{"line":8,"column":24},"end":{"line":30,"column":null}},"5":{"start":{"line":9,"column":23},"end":{"line":11,"column":null}},"6":{"start":{"line":12,"column":19},"end":{"line":12,"column":null}},"7":{"start":{"line":14,"column":50},"end":{"line":25,"column":null}},"8":{"start":{"line":16,"column":10},"end":{"line":23,"column":null}},"9":{"start":{"line":27,"column":6},"end":{"line":29,"column":null}},"10":{"start":{"line":28,"column":8},"end":{"line":28,"column":null}},"11":{"start":{"line":32,"column":4},"end":{"line":37,"column":null}},"12":{"start":{"line":33,"column":6},"end":{"line":33,"column":null}},"13":{"start":{"line":35,"column":6},"end":{"line":35,"column":null}},"14":{"start":{"line":36,"column":6},"end":{"line":36,"column":null}},"15":{"start":{"line":39,"column":2},"end":{"line":39,"column":null}}},"fnMap":{"0":{"name":"(anonymous_0)","decl":{"start":{"line":3,"column":23},"end":{"line":3,"column":24}},"loc":{"start":{"line":3,"column":46},"end":{"line":40,"column":null}}},"1":{"name":"(anonymous_1)","decl":{"start":{"line":7,"column":12},"end":{"line":7,"column":18}},"loc":{"start":{"line":7,"column":18},"end":{"line":38,"column":5}}},"2":{"name":"(anonymous_2)","decl":{"start":{"line":8,"column":24},"end":{"line":8,"column":36}},"loc":{"start":{"line":8,"column":36},"end":{"line":30,"column":null}}},"3":{"name":"(anonymous_3)","decl":{"start":{"line":15,"column":8},"end":{"line":15,"column":9}},"loc":{"start":{"line":15,"column":35},"end":{"line":24,"column":null}}}},"branchMap":{"0":{"loc":{"start":{"line":27,"column":6},"end":{"line":29,"column":null}},"type":"if","locations":[{"start":{"line":27,"column":6},"end":{"line":29,"column":null}},{"start":{"line":27,"column":6},"end":{"line":29,"column":null}}]}},"s":{"0":0,"1":0,"2":0,"3":0,"4":0,"5":0,"6":0,"7":0,"8":0,"9":0,"10":0,"11":0,"12":0,"13":0,"14":0,"15":0},"f":{"0":0,"1":0,"2":0,"3":0},"b":{"0":[0,0]}}
,"/home/patrick/Projects/shifts/client/src/hooks/useShiftsValues.tsx": {"path":"/home/patrick/Projects/shifts/client/src/hooks/useShiftsValues.tsx","statementMap":{"0":{"start":{"line":4,"column":30},"end":{"line":4,"column":null}},"1":{"start":{"line":6,"column":2},"end":{"line":6,"column":null}}},"fnMap":{"0":{"name":"useShiftsValue","decl":{"start":{"line":3,"column":16},"end":{"line":3,"column":31}},"loc":{"start":{"line":3,"column":60},"end":{"line":7,"column":null}}}},"branchMap":{},"s":{"0":0,"1":0},"f":{"0":0},"b":{}}
,"/home/patrick/Projects/shifts/client/src/utils/constants.tsx": {"path":"/home/patrick/Projects/shifts/client/src/utils/constants.tsx","statementMap":{"0":{"start":{"line":1,"column":21},"end":{"line":98,"column":null}}},"fnMap":{},"branchMap":{},"s":{"0":0},"f":{},"b":{}}
,"/home/patrick/Projects/shifts/client/src/utils/date.tsx": {"path":"/home/patrick/Projects/shifts/client/src/utils/date.tsx","statementMap":{"0":{"start":{"line":3,"column":18},"end":{"line":8,"column":null}},"1":{"start":{"line":4,"column":15},"end":{"line":4,"column":null}},"2":{"start":{"line":5,"column":16},"end":{"line":5,"column":null}},"3":{"start":{"line":6,"column":14},"end":{"line":6,"column":null}},"4":{"start":{"line":7,"column":2},"end":{"line":7,"column":null}},"5":{"start":{"line":25,"column":27},"end":{"line":37,"column":null}},"6":{"start":{"line":26,"column":16},"end":{"line":26,"column":null}},"7":{"start":{"line":27,"column":23},"end":{"line":27,"column":null}},"8":{"start":{"line":28,"column":16},"end":{"line":28,"column":null}},"9":{"start":{"line":30,"column":2},"end":{"line":36,"column":null}},"10":{"start":{"line":31,"column":4},"end":{"line":31,"column":null}},"11":{"start":{"line":32,"column":2},"end":{"line":36,"column":null}},"12":{"start":{"line":33,"column":4},"end":{"line":33,"column":null}},"13":{"start":{"line":34,"column":2},"end":{"line":36,"column":null}},"14":{"start":{"line":35,"column":4},"end":{"line":35,"column":null}},"15":{"start":{"line":39,"column":35},"end":{"line":66,"column":null}},"16":{"start":{"line":40,"column":20},"end":{"line":40,"column":null}},"17":{"start":{"line":41,"column":23},"end":{"line":41,"column":null}},"18":{"start":{"line":42,"column":16},"end":{"line":42,"column":null}},"19":{"start":{"line":43,"column":15},"end":{"line":43,"column":null}},"20":{"start":{"line":45,"column":34},"end":{"line":49,"column":null}},"21":{"start":{"line":59,"column":2},"end":{"line":65,"column":null}},"22":{"start":{"line":60,"column":4},"end":{"line":60,"column":null}},"23":{"start":{"line":61,"column":2},"end":{"line":65,"column":null}},"24":{"start":{"line":62,"column":4},"end":{"line":62,"column":null}},"25":{"start":{"line":63,"column":2},"end":{"line":65,"column":null}},"26":{"start":{"line":64,"column":4},"end":{"line":64,"column":null}},"27":{"start":{"line":68,"column":35},"end":{"line":80,"column":null}},"28":{"start":{"line":69,"column":20},"end":{"line":69,"column":null}},"29":{"start":{"line":70,"column":23},"end":{"line":70,"column":null}},"30":{"start":{"line":71,"column":16},"end":{"line":71,"column":null}},"31":{"start":{"line":73,"column":2},"end":{"line":79,"column":null}},"32":{"start":{"line":74,"column":4},"end":{"line":74,"column":null}},"33":{"start":{"line":75,"column":2},"end":{"line":79,"column":null}},"34":{"start":{"line":76,"column":4},"end":{"line":76,"column":null}},"35":{"start":{"line":77,"column":2},"end":{"line":79,"column":null}},"36":{"start":{"line":78,"column":4},"end":{"line":78,"column":null}},"37":{"start":{"line":83,"column":18},"end":{"line":96,"column":null}},"38":{"start":{"line":84,"column":20},"end":{"line":88,"column":null}},"39":{"start":{"line":85,"column":16},"end":{"line":85,"column":null}},"40":{"start":{"line":86,"column":4},"end":{"line":87,"column":null}},"41":{"start":{"line":86,"column":18},"end":{"line":86,"column":null}},"42":{"start":{"line":87,"column":9},"end":{"line":87,"column":null}},"43":{"start":{"line":89,"column":22},"end":{"line":94,"column":null}},"44":{"start":{"line":90,"column":18},"end":{"line":90,"column":null}},"45":{"start":{"line":92,"column":4},"end":{"line":93,"column":null}},"46":{"start":{"line":92,"column":20},"end":{"line":92,"column":null}},"47":{"start":{"line":93,"column":9},"end":{"line":93,"column":null}},"48":{"start":{"line":95,"column":2},"end":{"line":95,"column":null}},"49":{"start":{"line":100,"column":32},"end":{"line":165,"column":null}},"50":{"start":{"line":108,"column":16},"end":{"line":108,"column":null}},"51":{"start":{"line":109,"column":26},"end":{"line":109,"column":null}},"52":{"start":{"line":110,"column":23},"end":{"line":110,"column":null}},"53":{"start":{"line":112,"column":2},"end":{"line":164,"column":null}},"54":{"start":{"line":115,"column":8},"end":{"line":115,"column":null}},"55":{"start":{"line":118,"column":8},"end":{"line":118,"column":null}},"56":{"start":{"line":120,"column":6},"end":{"line":120,"column":null}},"57":{"start":{"line":123,"column":30},"end":{"line":123,"column":null}},"58":{"start":{"line":125,"column":44},"end":{"line":129,"column":null}},"59":{"start":{"line":132,"column":10},"end":{"line":132,"column":null}},"60":{"start":{"line":134,"column":8},"end":{"line":134,"column":null}},"61":{"start":{"line":135,"column":8},"end":{"line":135,"column":null}},"62":{"start":{"line":138,"column":8},"end":{"line":138,"column":null}},"63":{"start":{"line":140,"column":6},"end":{"line":140,"column":null}},"64":{"start":{"line":143,"column":29},"end":{"line":143,"column":null}},"65":{"start":{"line":144,"column":44},"end":{"line":148,"column":null}},"66":{"start":{"line":151,"column":10},"end":{"line":151,"column":null}},"67":{"start":{"line":153,"column":8},"end":{"line":153,"column":null}},"68":{"start":{"line":154,"column":8},"end":{"line":154,"column":null}},"69":{"start":{"line":155,"column":8},"end":{"line":155,"column":null}},"70":{"start":{"line":158,"column":8},"end":{"line":158,"column":null}},"71":{"start":{"line":160,"column":6},"end":{"line":160,"column":null}},"72":{"start":{"line":162,"column":6},"end":{"line":162,"column":null}},"73":{"start":{"line":163,"column":6},"end":{"line":163,"column":null}},"74":{"start":{"line":168,"column":35},"end":{"line":263,"column":null}},"75":{"start":{"line":172,"column":31},"end":{"line":172,"column":null}},"76":{"start":{"line":174,"column":2},"end":{"line":261,"column":null}},"77":{"start":{"line":175,"column":4},"end":{"line":175,"column":null}},"78":{"start":{"line":176,"column":4},"end":{"line":217,"column":null}},"79":{"start":{"line":179,"column":25},"end":{"line":179,"column":null}},"80":{"start":{"line":180,"column":10},"end":{"line":180,"column":null}},"81":{"start":{"line":182,"column":8},"end":{"line":182,"column":null}},"82":{"start":{"line":185,"column":42},"end":{"line":189,"column":null}},"83":{"start":{"line":191,"column":31},"end":{"line":191,"column":null}},"84":{"start":{"line":192,"column":10},"end":{"line":192,"column":null}},"85":{"start":{"line":193,"column":10},"end":{"line":193,"column":null}},"86":{"start":{"line":194,"column":10},"end":{"line":194,"column":null}},"87":{"start":{"line":196,"column":10},"end":{"line":196,"column":null}},"88":{"start":{"line":198,"column":8},"end":{"line":198,"column":null}},"89":{"start":{"line":201,"column":42},"end":{"line":205,"column":null}},"90":{"start":{"line":207,"column":31},"end":{"line":207,"column":null}},"91":{"start":{"line":208,"column":10},"end":{"line":208,"column":null}},"92":{"start":{"line":209,"column":10},"end":{"line":209,"column":null}},"93":{"start":{"line":210,"column":10},"end":{"line":210,"column":null}},"94":{"start":{"line":212,"column":10},"end":{"line":212,"column":null}},"95":{"start":{"line":214,"column":8},"end":{"line":214,"column":null}},"96":{"start":{"line":216,"column":8},"end":{"line":216,"column":null}},"97":{"start":{"line":218,"column":2},"end":{"line":261,"column":null}},"98":{"start":{"line":219,"column":4},"end":{"line":260,"column":null}},"99":{"start":{"line":222,"column":25},"end":{"line":222,"column":null}},"100":{"start":{"line":223,"column":10},"end":{"line":223,"column":null}},"101":{"start":{"line":225,"column":8},"end":{"line":225,"column":null}},"102":{"start":{"line":228,"column":42},"end":{"line":232,"column":null}},"103":{"start":{"line":234,"column":31},"end":{"line":234,"column":null}},"104":{"start":{"line":235,"column":10},"end":{"line":235,"column":null}},"105":{"start":{"line":236,"column":10},"end":{"line":236,"column":null}},"106":{"start":{"line":237,"column":10},"end":{"line":237,"column":null}},"107":{"start":{"line":239,"column":10},"end":{"line":239,"column":null}},"108":{"start":{"line":241,"column":8},"end":{"line":241,"column":null}},"109":{"start":{"line":244,"column":42},"end":{"line":248,"column":null}},"110":{"start":{"line":250,"column":31},"end":{"line":250,"column":null}},"111":{"start":{"line":251,"column":10},"end":{"line":251,"column":null}},"112":{"start":{"line":252,"column":10},"end":{"line":252,"column":null}},"113":{"start":{"line":253,"column":10},"end":{"line":253,"column":null}},"114":{"start":{"line":255,"column":10},"end":{"line":255,"column":null}},"115":{"start":{"line":257,"column":8},"end":{"line":257,"column":null}},"116":{"start":{"line":259,"column":8},"end":{"line":259,"column":null}},"117":{"start":{"line":262,"column":2},"end":{"line":262,"column":null}}},"fnMap":{"0":{"name":"(anonymous_0)","decl":{"start":{"line":3,"column":18},"end":{"line":3,"column":19}},"loc":{"start":{"line":3,"column":41},"end":{"line":8,"column":null}}},"1":{"name":"(anonymous_1)","decl":{"start":{"line":25,"column":27},"end":{"line":25,"column":28}},"loc":{"start":{"line":25,"column":43},"end":{"line":37,"column":null}}},"2":{"name":"(anonymous_2)","decl":{"start":{"line":39,"column":35},"end":{"line":39,"column":36}},"loc":{"start":{"line":39,"column":65},"end":{"line":66,"column":null}}},"3":{"name":"(anonymous_3)","decl":{"start":{"line":68,"column":35},"end":{"line":68,"column":36}},"loc":{"start":{"line":68,"column":65},"end":{"line":80,"column":null}}},"4":{"name":"(anonymous_4)","decl":{"start":{"line":83,"column":18},"end":{"line":83,"column":19}},"loc":{"start":{"line":83,"column":34},"end":{"line":96,"column":null}}},"5":{"name":"(anonymous_5)","decl":{"start":{"line":84,"column":20},"end":{"line":84,"column":21}},"loc":{"start":{"line":84,"column":36},"end":{"line":88,"column":null}}},"6":{"name":"(anonymous_6)","decl":{"start":{"line":89,"column":22},"end":{"line":89,"column":23}},"loc":{"start":{"line":89,"column":38},"end":{"line":94,"column":null}}},"7":{"name":"(anonymous_7)","decl":{"start":{"line":100,"column":32},"end":{"line":100,"column":33}},"loc":{"start":{"line":100,"column":51},"end":{"line":165,"column":null}}},"8":{"name":"(anonymous_8)","decl":{"start":{"line":168,"column":35},"end":{"line":168,"column":null}},"loc":{"start":{"line":171,"column":5},"end":{"line":263,"column":null}}}},"branchMap":{"0":{"loc":{"start":{"line":30,"column":2},"end":{"line":36,"column":null}},"type":"if","locations":[{"start":{"line":30,"column":2},"end":{"line":36,"column":null}},{"start":{"line":32,"column":2},"end":{"line":36,"column":null}}]},"1":{"loc":{"start":{"line":32,"column":2},"end":{"line":36,"column":null}},"type":"if","locations":[{"start":{"line":32,"column":2},"end":{"line":36,"column":null}},{"start":{"line":34,"column":2},"end":{"line":36,"column":null}}]},"2":{"loc":{"start":{"line":32,"column":13},"end":{"line":32,"column":44}},"type":"binary-expr","locations":[{"start":{"line":32,"column":13},"end":{"line":32,"column":33}},{"start":{"line":32,"column":33},"end":{"line":32,"column":44}}]},"3":{"loc":{"start":{"line":34,"column":2},"end":{"line":36,"column":null}},"type":"if","locations":[{"start":{"line":34,"column":2},"end":{"line":36,"column":null}},{"start":{"line":34,"column":2},"end":{"line":36,"column":null}}]},"4":{"loc":{"start":{"line":59,"column":2},"end":{"line":65,"column":null}},"type":"if","locations":[{"start":{"line":59,"column":2},"end":{"line":65,"column":null}},{"start":{"line":61,"column":2},"end":{"line":65,"column":null}}]},"5":{"loc":{"start":{"line":59,"column":6},"end":{"line":59,"column":71}},"type":"binary-expr","locations":[{"start":{"line":59,"column":6},"end":{"line":59,"column":27}},{"start":{"line":59,"column":27},"end":{"line":59,"column":71}}]},"6":{"loc":{"start":{"line":61,"column":2},"end":{"line":65,"column":null}},"type":"if","locations":[{"start":{"line":61,"column":2},"end":{"line":65,"column":null}},{"start":{"line":63,"column":2},"end":{"line":65,"column":null}}]},"7":{"loc":{"start":{"line":61,"column":13},"end":{"line":61,"column":71}},"type":"binary-expr","locations":[{"start":{"line":61,"column":13},"end":{"line":61,"column":59}},{"start":{"line":61,"column":59},"end":{"line":61,"column":71}}]},"8":{"loc":{"start":{"line":63,"column":2},"end":{"line":65,"column":null}},"type":"if","locations":[{"start":{"line":63,"column":2},"end":{"line":65,"column":null}},{"start":{"line":63,"column":2},"end":{"line":65,"column":null}}]},"9":{"loc":{"start":{"line":73,"column":2},"end":{"line":79,"column":null}},"type":"if","locations":[{"start":{"line":73,"column":2},"end":{"line":79,"column":null}},{"start":{"line":75,"column":2},"end":{"line":79,"column":null}}]},"10":{"loc":{"start":{"line":75,"column":2},"end":{"line":79,"column":null}},"type":"if","locations":[{"start":{"line":75,"column":2},"end":{"line":79,"column":null}},{"start":{"line":77,"column":2},"end":{"line":79,"column":null}}]},"11":{"loc":{"start":{"line":75,"column":13},"end":{"line":75,"column":45}},"type":"binary-expr","locations":[{"start":{"line":75,"column":13},"end":{"line":75,"column":34}},{"start":{"line":75,"column":34},"end":{"line":75,"column":45}}]},"12":{"loc":{"start":{"line":77,"column":2},"end":{"line":79,"column":null}},"type":"if","locations":[{"start":{"line":77,"column":2},"end":{"line":79,"column":null}},{"start":{"line":77,"column":2},"end":{"line":79,"column":null}}]},"13":{"loc":{"start":{"line":86,"column":4},"end":{"line":87,"column":null}},"type":"if","locations":[{"start":{"line":86,"column":4},"end":{"line":87,"column":null}},{"start":{"line":87,"column":9},"end":{"line":87,"column":null}}]},"14":{"loc":{"start":{"line":92,"column":4},"end":{"line":93,"column":null}},"type":"if","locations":[{"start":{"line":92,"column":4},"end":{"line":93,"column":null}},{"start":{"line":93,"column":9},"end":{"line":93,"column":null}}]},"15":{"loc":{"start":{"line":112,"column":2},"end":{"line":164,"column":null}},"type":"switch","locations":[{"start":{"line":113,"column":4},"end":{"line":120,"column":null}},{"start":{"line":121,"column":4},"end":{"line":140,"column":null}},{"start":{"line":141,"column":4},"end":{"line":160,"column":null}},{"start":{"line":161,"column":4},"end":{"line":163,"column":null}}]},"16":{"loc":{"start":{"line":174,"column":2},"end":{"line":261,"column":null}},"type":"if","locations":[{"start":{"line":174,"column":2},"end":{"line":261,"column":null}},{"start":{"line":218,"column":2},"end":{"line":261,"column":null}}]},"17":{"loc":{"start":{"line":176,"column":4},"end":{"line":217,"column":null}},"type":"switch","locations":[{"start":{"line":177,"column":6},"end":{"line":182,"column":null}},{"start":{"line":183,"column":6},"end":{"line":198,"column":null}},{"start":{"line":199,"column":6},"end":{"line":214,"column":null}},{"start":{"line":215,"column":6},"end":{"line":216,"column":null}}]},"18":{"loc":{"start":{"line":218,"column":2},"end":{"line":261,"column":null}},"type":"if","locations":[{"start":{"line":218,"column":2},"end":{"line":261,"column":null}},{"start":{"line":218,"column":2},"end":{"line":261,"column":null}}]},"19":{"loc":{"start":{"line":219,"column":4},"end":{"line":260,"column":null}},"type":"switch","locations":[{"start":{"line":220,"column":6},"end":{"line":225,"column":null}},{"start":{"line":226,"column":6},"end":{"line":241,"column":null}},{"start":{"line":242,"column":6},"end":{"line":257,"column":null}},{"start":{"line":258,"column":6},"end":{"line":259,"column":null}}]}},"s":{"0":1,"1":6,"2":6,"3":6,"4":6,"5":1,"6":4,"7":4,"8":4,"9":4,"10":2,"11":2,"12":1,"13":1,"14":1,"15":1,"16":3,"17":3,"18":3,"19":3,"20":3,"21":3,"22":1,"23":2,"24":1,"25":1,"26":1,"27":1,"28":6,"29":6,"30":6,"31":6,"32":2,"33":4,"34":2,"35":2,"36":2,"37":1,"38":9,"39":9,"40":9,"41":3,"42":6,"43":9,"44":9,"45":9,"46":1,"47":8,"48":9,"49":1,"50":4,"51":4,"52":4,"53":4,"54":2,"55":2,"56":0,"57":1,"58":1,"59":1,"60":1,"61":1,"62":1,"63":0,"64":1,"65":1,"66":1,"67":1,"68":1,"69":1,"70":1,"71":0,"72":0,"73":0,"74":1,"75":6,"76":6,"77":3,"78":3,"79":1,"80":1,"81":0,"82":1,"83":1,"84":1,"85":1,"86":1,"87":1,"88":0,"89":1,"90":1,"91":1,"92":1,"93":1,"94":1,"95":0,"96":0,"97":3,"98":3,"99":1,"100":1,"101":0,"102":1,"103":1,"104":1,"105":1,"106":1,"107":1,"108":0,"109":1,"110":1,"111":1,"112":1,"113":1,"114":1,"115":0,"116":0,"117":0},"f":{"0":6,"1":4,"2":3,"3":6,"4":9,"5":9,"6":9,"7":4,"8":6},"b":{"0":[2,2],"1":[1,1],"2":[2,2],"3":[1,0],"4":[1,2],"5":[3,3],"6":[1,1],"7":[2,2],"8":[1,0],"9":[2,4],"10":[2,2],"11":[4,4],"12":[2,0],"13":[3,6],"14":[1,8],"15":[2,1,1,0],"16":[3,3],"17":[1,1,1,0],"18":[3,0],"19":[1,1,1,0]}}
,"/home/patrick/Projects/shifts/client/src/utils/restApiCall.tsx": {"path":"/home/patrick/Projects/shifts/client/src/utils/restApiCall.tsx","statementMap":{"0":{"start":{"line":12,"column":12},"end":{"line":12,"column":null}},"1":{"start":{"line":14,"column":21},"end":{"line":24,"column":null}},"2":{"start":{"line":16,"column":2},"end":{"line":23,"column":null}},"3":{"start":{"line":26,"column":18},"end":{"line":40,"column":null}},"4":{"start":{"line":27,"column":2},"end":{"line":39,"column":null}},"5":{"start":{"line":28,"column":21},"end":{"line":35,"column":null}},"6":{"start":{"line":36,"column":4},"end":{"line":36,"column":null}},"7":{"start":{"line":38,"column":4},"end":{"line":38,"column":null}},"8":{"start":{"line":42,"column":17},"end":{"line":57,"column":null}},"9":{"start":{"line":43,"column":2},"end":{"line":56,"column":null}},"10":{"start":{"line":44,"column":21},"end":{"line":51,"column":null}},"11":{"start":{"line":53,"column":4},"end":{"line":53,"column":null}},"12":{"start":{"line":55,"column":4},"end":{"line":55,"column":null}},"13":{"start":{"line":60,"column":20},"end":{"line":77,"column":null}},"14":{"start":{"line":61,"column":2},"end":{"line":76,"column":null}},"15":{"start":{"line":62,"column":21},"end":{"line":68,"column":null}},"16":{"start":{"line":70,"column":4},"end":{"line":73,"column":null}},"17":{"start":{"line":71,"column":19},"end":{"line":71,"column":null}},"18":{"start":{"line":72,"column":6},"end":{"line":72,"column":null}},"19":{"start":{"line":73,"column":11},"end":{"line":73,"column":null}},"20":{"start":{"line":75,"column":4},"end":{"line":75,"column":null}}},"fnMap":{"0":{"name":"(anonymous_0)","decl":{"start":{"line":14,"column":21},"end":{"line":14,"column":22}},"loc":{"start":{"line":14,"column":38},"end":{"line":24,"column":null}}},"1":{"name":"(anonymous_1)","decl":{"start":{"line":26,"column":18},"end":{"line":26,"column":25}},"loc":{"start":{"line":26,"column":41},"end":{"line":40,"column":null}}},"2":{"name":"(anonymous_2)","decl":{"start":{"line":42,"column":17},"end":{"line":42,"column":24}},"loc":{"start":{"line":42,"column":40},"end":{"line":57,"column":null}}},"3":{"name":"(anonymous_3)","decl":{"start":{"line":60,"column":20},"end":{"line":60,"column":27}},"loc":{"start":{"line":60,"column":42},"end":{"line":77,"column":null}}}},"branchMap":{"0":{"loc":{"start":{"line":70,"column":4},"end":{"line":73,"column":null}},"type":"if","locations":[{"start":{"line":70,"column":4},"end":{"line":73,"column":null}},{"start":{"line":73,"column":11},"end":{"line":73,"column":null}}]}},"s":{"0":0,"1":0,"2":0,"3":0,"4":0,"5":0,"6":0,"7":0,"8":0,"9":0,"10":0,"11":0,"12":0,"13":0,"14":0,"15":0,"16":0,"17":0,"18":0,"19":0,"20":0},"f":{"0":0,"1":0,"2":0,"3":0},"b":{"0":[0,0]}}
,"/home/patrick/Projects/shifts/client/src/utils/shiftsOps.tsx": {"path":"/home/patrick/Projects/shifts/client/src/utils/shiftsOps.tsx","statementMap":{"0":{"start":{"line":10,"column":42},"end":{"line":24,"column":null}},"1":{"start":{"line":11,"column":21},"end":{"line":11,"column":null}},"2":{"start":{"line":12,"column":19},"end":{"line":12,"column":null}},"3":{"start":{"line":14,"column":20},"end":{"line":14,"column":null}},"4":{"start":{"line":15,"column":22},"end":{"line":15,"column":null}},"5":{"start":{"line":17,"column":18},"end":{"line":17,"column":null}},"6":{"start":{"line":18,"column":20},"end":{"line":18,"column":null}},"7":{"start":{"line":20,"column":20},"end":{"line":20,"column":null}},"8":{"start":{"line":21,"column":14},"end":{"line":21,"column":null}},"9":{"start":{"line":23,"column":2},"end":{"line":23,"column":null}},"10":{"start":{"line":31,"column":12},"end":{"line":115,"column":null}},"11":{"start":{"line":32,"column":66},"end":{"line":32,"column":null}},"12":{"start":{"line":34,"column":34},"end":{"line":34,"column":null}},"13":{"start":{"line":36,"column":2},"end":{"line":42,"column":null}},"14":{"start":{"line":37,"column":4},"end":{"line":41,"column":null}},"15":{"start":{"line":38,"column":6},"end":{"line":40,"column":null}},"16":{"start":{"line":44,"column":24},"end":{"line":112,"column":null}},"17":{"start":{"line":45,"column":31},"end":{"line":49,"column":null}},"18":{"start":{"line":51,"column":4},"end":{"line":111,"column":null}},"19":{"start":{"line":52,"column":23},"end":{"line":58,"column":null}},"20":{"start":{"line":60,"column":6},"end":{"line":70,"column":null}},"21":{"start":{"line":72,"column":6},"end":{"line":75,"column":null}},"22":{"start":{"line":76,"column":4},"end":{"line":111,"column":null}},"23":{"start":{"line":77,"column":6},"end":{"line":77,"column":null}},"24":{"start":{"line":79,"column":22},"end":{"line":79,"column":null}},"25":{"start":{"line":81,"column":47},"end":{"line":85,"column":null}},"26":{"start":{"line":87,"column":47},"end":{"line":91,"column":null}},"27":{"start":{"line":93,"column":28},"end":{"line":93,"column":null}},"28":{"start":{"line":95,"column":6},"end":{"line":98,"column":null}},"29":{"start":{"line":100,"column":6},"end":{"line":110,"column":null}},"30":{"start":{"line":111,"column":11},"end":{"line":111,"column":null}},"31":{"start":{"line":114,"column":2},"end":{"line":114,"column":null}}},"fnMap":{"0":{"name":"(anonymous_0)","decl":{"start":{"line":10,"column":42},"end":{"line":10,"column":43}},"loc":{"start":{"line":10,"column":72},"end":{"line":24,"column":null}}},"1":{"name":"(anonymous_1)","decl":{"start":{"line":31,"column":12},"end":{"line":31,"column":13}},"loc":{"start":{"line":31,"column":60},"end":{"line":115,"column":null}}},"2":{"name":"(anonymous_2)","decl":{"start":{"line":36,"column":17},"end":{"line":36,"column":18}},"loc":{"start":{"line":36,"column":36},"end":{"line":42,"column":3}}},"3":{"name":"(anonymous_3)","decl":{"start":{"line":44,"column":24},"end":{"line":44,"column":36}},"loc":{"start":{"line":44,"column":36},"end":{"line":112,"column":null}}}},"branchMap":{"0":{"loc":{"start":{"line":37,"column":4},"end":{"line":41,"column":null}},"type":"if","locations":[{"start":{"line":37,"column":4},"end":{"line":41,"column":null}},{"start":{"line":37,"column":4},"end":{"line":41,"column":null}}]},"1":{"loc":{"start":{"line":37,"column":8},"end":{"line":37,"column":64}},"type":"binary-expr","locations":[{"start":{"line":37,"column":8},"end":{"line":37,"column":43}},{"start":{"line":37,"column":43},"end":{"line":37,"column":64}}]},"2":{"loc":{"start":{"line":51,"column":4},"end":{"line":111,"column":null}},"type":"if","locations":[{"start":{"line":51,"column":4},"end":{"line":111,"column":null}},{"start":{"line":76,"column":4},"end":{"line":111,"column":null}}]},"3":{"loc":{"start":{"line":76,"column":4},"end":{"line":111,"column":null}},"type":"if","locations":[{"start":{"line":76,"column":4},"end":{"line":111,"column":null}},{"start":{"line":111,"column":11},"end":{"line":111,"column":null}}]}},"s":{"0":0,"1":0,"2":0,"3":0,"4":0,"5":0,"6":0,"7":0,"8":0,"9":0,"10":0,"11":0,"12":0,"13":0,"14":0,"15":0,"16":0,"17":0,"18":0,"19":0,"20":0,"21":0,"22":0,"23":0,"24":0,"25":0,"26":0,"27":0,"28":0,"29":0,"30":0,"31":0},"f":{"0":0,"1":0,"2":0,"3":0},"b":{"0":[0,0],"1":[0,0],"2":[0,0],"3":[0,0]}}
,"/home/patrick/Projects/shifts/client/src/utils/theme.tsx": {"path":"/home/patrick/Projects/shifts/client/src/utils/theme.tsx","statementMap":{"0":{"start":{"line":9,"column":14},"end":{"line":23,"column":null}}},"fnMap":{},"branchMap":{},"s":{"0":0},"f":{},"b":{}}
}
